<?xml version="1.0" encoding="UTF-8"?><testsuite errors="0" failures="1" name="Add a particular product from list" skipped="0" tests="1" time="15.72" timestamp="2023-01-30 09:58:59"><testcase name="Add individual product"><failure message="&#13;&#10;Expected: a string containing &quot;Light&quot;&#13;&#10;     but: was &quot;&quot;" type="java.lang.AssertionError">&#13;
Expected: a string containing "Light"&#13;
     but: was ""</failure><system-err>&#13;
Expected: a string containing "Light"&#13;
     but: was ""&#13;
stepDefinitions.AddToCartStepDefinitions.heShouldSeeTheProductAndPriceInsideTheShoppingCart(AddToCartStepDefinitions.java:38)&#13;
✽.He should see the Light and price inside the shopping cart(file:///C:/Andres/Automatizacion/SwagLabs_Practice/src/test/resources/features/addToCart.feature:9)&#13;
</system-err></testcase></testsuite>