<?xml version="1.0" encoding="UTF-8"?><testsuite errors="1" failures="0" name="Add a particular product from list" skipped="0" tests="1" time="16.54" timestamp="2023-01-29 11:59:23"><testcase name="Successful login"><error message="class net.serenitybdd.screenplay.targets.ByTarget cannot be cast to class net.serenitybdd.screenplay.Performable (net.serenitybdd.screenplay.targets.ByTarget and net.serenitybdd.screenplay.Performable are in unnamed module of loader 'app')" type="java.lang.ClassCastException">class net.serenitybdd.screenplay.targets.ByTarget cannot be cast to class net.serenitybdd.screenplay.Performable (net.serenitybdd.screenplay.targets.ByTarget and net.serenitybdd.screenplay.Performable are in unnamed module of loader 'app')</error><system-err>class net.serenitybdd.screenplay.targets.ByTarget cannot be cast to class net.serenitybdd.screenplay.Performable (net.serenitybdd.screenplay.targets.ByTarget and net.serenitybdd.screenplay.Performable are in unnamed module of loader 'app')&#13;
stepDefinitions.AddToCartStepDefinitions.heSelectsAProductFromTheListToTheShoppingCart(AddToCartStepDefinitions.java:16)&#13;
✽.he selects a product Light from the list to the shopping cart(file:///C:/Andres/Automatizacion/SwagLabs_Practice/src/test/resources/features/addToCart.feature:8)&#13;
</system-err></testcase></testsuite>